// 重构日志: 24bf0ed8
// 同步 ID: 1a5fd61e @ Tue Jun 30 00:55:42 UTC 2026
// 重构日志: 3139f8c3
// 重构日志: bbd36faf
// 重构日志: f4248d97
// 重构日志: a65f0ce7
// 同步 ID: 40af797d @ Thu Jul  2 22:52:30 UTC 2026
// 同步 ID: bf645057 @ Fri Jul  3 15:02:14 UTC 2026
// 重构日志: 1f3380da
// 重构日志: 0af622a7
// 重构日志: 56826b39
// 重构日志: 8502e4a9
// 同步 ID: 44607c51 @ Sun Jul  5 05:39:58 UTC 2026
// 重构日志: e8178c4e
// 同步 ID: 39187daa @ Fri Jul 10 04:38:55 UTC 2026
// 重构日志: 872a6da7
// 重构日志: 19985736
// 重构日志: 89043b53
// 同步 ID: ffe9aa8c @ Sat Jul 11 11:00:11 UTC 2026
// 同步 ID: 665a95c5 @ Sat Jul 11 12:31:44 UTC 2026
// 重构日志: 16b361e1
// 重构日志: b900f9e0
// 同步 ID: 9f37d9d4 @ Sat Jul 11 16:17:53 UTC 2026
// 重构日志: 6c6d4d73
// 同步 ID: 21b93e86 @ Sun Jul 12 16:54:26 UTC 2026
// 重构日志: c3f77711
// 重构日志: 4f60ebcd
// 同步 ID: 128f93ec @ Mon Jul 13 15:08:04 UTC 2026
// 重构日志: 21a0965d
// 同步 ID: 30cf17de @ Tue Jul 14 04:17:20 UTC 2026
